<?xml version="1.0" encoding="UTF-8"?>
<!-- Generated by org.testng.reporters.JUnitXMLReporter -->
<testsuite ignored="3" hostname="DESKTOP-6T8U07T" failures="0" tests="1" name="Default test" time="0.047" errors="0" timestamp="2022-08-07T12:01:20 EET">
  <testcase classname="javaStreams.Test1" name="streamCollect" time="0.01"/>
  <testcase classname="javaStreams.Test1" name="streamFilter" time="0.0">
    <ignored/>
  </testcase> <!-- streamFilter -->
  <testcase classname="javaStreams.Test1" name="regular" time="0.0">
    <ignored/>
  </testcase> <!-- regular -->
  <testcase classname="javaStreams.Test1" name="streamMap" time="0.0">
    <ignored/>
  </testcase> <!-- streamMap -->
</testsuite> <!-- Default test -->
