<?xml version="1.0" encoding="UTF-8"?>
<testng-results ignored="1" total="2" passed="1" failed="0" skipped="0">
  <reporter-output>
  </reporter-output>
  <suite started-at="2022-08-01T13:28:24 EET" name="Default suite" finished-at="2022-08-01T13:28:25 EET" duration-ms="57">
    <groups>
    </groups>
    <test started-at="2022-08-01T13:28:24 EET" name="Default test" finished-at="2022-08-01T13:28:25 EET" duration-ms="57">
      <class name="javaStreams.Test1">
        <test-method signature="streamFilter()[pri:0, instance:javaStreams.Test1@212b5695]" started-at="2022-08-01T13:28:25 EET" name="streamFilter" finished-at="2022-08-01T13:28:25 EET" duration-ms="10" status="PASS">
          <reporter-output>
          </reporter-output>
        </test-method> <!-- streamFilter -->
      </class> <!-- javaStreams.Test1 -->
    </test> <!-- Default test -->
  </suite> <!-- Default suite -->
</testng-results>
