<?xml version="1.0" encoding="UTF-8"?>
<testng-results ignored="2" total="3" passed="1" failed="0" skipped="0">
  <reporter-output>
  </reporter-output>
  <suite started-at="2022-08-07T10:57:29 EET" name="Default suite" finished-at="2022-08-07T10:57:29 EET" duration-ms="46">
    <groups>
    </groups>
    <test started-at="2022-08-07T10:57:29 EET" name="Default test" finished-at="2022-08-07T10:57:29 EET" duration-ms="46">
      <class name="javaStreams.Test1">
        <test-method signature="streamMap()[pri:0, instance:javaStreams.Test1@446293d]" started-at="2022-08-07T10:57:29 EET" name="streamMap" finished-at="2022-08-07T10:57:29 EET" duration-ms="8" status="PASS">
          <reporter-output>
          </reporter-output>
        </test-method> <!-- streamMap -->
      </class> <!-- javaStreams.Test1 -->
    </test> <!-- Default test -->
  </suite> <!-- Default suite -->
</testng-results>
